<?xml version="1.0" encoding="UTF-8"?>
<!-- Generated by org.testng.reporters.JUnitXMLReporter -->
<testsuite hostname="HOME" ignored="3" name="Default test(failed)" tests="1" failures="1" timestamp="22 Feb 2019 17:40:47 GMT" time="0.151" errors="0">
  <testcase name="Test3" time="0.063" classname="Basics.SoftAssertExample">
    <failure type="java.lang.AssertionError" message="The following asserts failed:
	expected [true] but found [false]">
      <![CDATA[java.lang.AssertionError: The following asserts failed:
expected [true] but found [false]
at Basics.SoftAssertExample.Test3(SoftAssertExample.java:26)
... Removed 26 stack frames]]>
    </failure>
  </testcase> <!-- Test3 -->
  <testcase name="Test2" time="0.0" classname="Basics.SoftAssertExample">
    <ignored/>
  </testcase> <!-- Test2 -->
  <testcase name="Test4" time="0.0" classname="Basics.SoftAssertExample">
    <ignored/>
  </testcase> <!-- Test4 -->
  <testcase name="Test1" time="0.0" classname="Basics.SoftAssertExample">
    <ignored/>
  </testcase> <!-- Test1 -->
</testsuite> <!-- Default test(failed) -->
